[debug] [2019-12-11T07:59:35.203Z] ----------------------------------------------------------------------
[debug] [2019-12-11T07:59:35.204Z] Command:       /usr/local/bin/node /usr/local/bin/firebase init
[debug] [2019-12-11T07:59:35.205Z] CLI Version:   7.8.1
[debug] [2019-12-11T07:59:35.205Z] Platform:      darwin
[debug] [2019-12-11T07:59:35.205Z] Node Version:  v10.16.3
[debug] [2019-12-11T07:59:35.205Z] Time:          Wed Dec 11 2019 14:59:35 GMT+0700 (Indochina Time)
[debug] [2019-12-11T07:59:35.205Z] ----------------------------------------------------------------------
[debug] [2019-12-11T07:59:35.205Z] 
[debug] [2019-12-11T07:59:35.216Z] > command requires scopes: ["email","openid","https://www.googleapis.com/auth/cloudplatformprojects.readonly","https://www.googleapis.com/auth/firebase","https://www.googleapis.com/auth/cloud-platform"]
[debug] [2019-12-11T07:59:35.216Z] > authorizing via signed-in user
[info] 
     ######## #### ########  ######## ########     ###     ######  ########
     ##        ##  ##     ## ##       ##     ##  ##   ##  ##       ##
     ######    ##  ########  ######   ########  #########  ######  ######
     ##        ##  ##    ##  ##       ##     ## ##     ##       ## ##
     ##       #### ##     ## ######## ########  ##     ##  ######  ########

You're about to initialize a Firebase project in this directory:

  /Users/lap12343/Study /FIT/Year 4/Web nâng cao/final project/react.Tutor-Admin

Before we get started, keep in mind:

  * You are initializing in an existing Firebase project directory

